Arguments: 
  C:\Program Files\nodejs\node.exe C:\Program Files (x86)\Yarn\bin\yarn.js test test/download-worker-test.js

PATH: 
  C:\Users\pi\bin;C:\Program Files\Git\mingw64\bin;C:\Program Files\Git\usr\local\bin;C:\Program Files\Git\usr\bin;C:\Program Files\Git\usr\bin;C:\Program Files\Git\mingw64\bin;C:\Program Files\Git\usr\bin;C:\Users\pi\bin;C:\ProgramData\Oracle\Java\javapath;C:\Program Files\Java\jdk1.8.0_77\bin;C:\Program Files (x86)\Intel\iCLS Client;C:\Program Files\Intel\iCLS Client;C:\Windows\system32;C:\Windows;C:\Windows\System32\Wbem;C:\Windows\System32\WindowsPowerShell\v1.0;C:\Program Files (x86)\Intel\Intel(R) Management Engine Components\DAL;C:\Program Files\Intel\Intel(R) Management Engine Components\DAL;C:\Program Files (x86)\Intel\Intel(R) Management Engine Components\IPT;C:\Program Files\Intel\Intel(R) Management Engine Components\IPT;C:\Program Files\Lenovo\Fingerprint Manager Pro;C:\Program Files (x86)\Common Files\Lenovo;C:\ProgramData\Lenovo\ReadyApps;%MAVEN;C:\Program Files\Git\cmd;C:\Program Files (x86)\Windows Kits\8.1\Windows Performance Toolkit;C:\Program Files\TortoiseSVN\bin;C:\Program Files (x86)\Yarn\bin;C:\HashiCorp\Vagrant\bin;C:\Program Files\nodejs;C:\Go\bin;C:\Program Files\Intel\WiFi\bin;C:\Program Files\Common Files\Intel\WirelessCommon;C:\Users\pi\Anaconda;C:\Users\pi\Anaconda\Scripts;C:\Users\pi\Documents\hub\develop-tools\java\apache-maven-3.5.0\bin;C:\Users\pi\Documents\hub\develop-tools\nodejs\phantomjs-2.1.1-windows\bin;C:\wamp\bin\php\php5.5.12;C:\Users\pi\AppData\Local\GitHubDesktop\bin;C:\Users\pi\AppData\Local\atom\bin;C:\Users\pi\Documents\hub\develop-tools\java\kotlin\kotlinc\bin;C:\Program Files\Microsoft VS Code\bin;C:\Program Files (x86)\Tesseract-OCR;C:\Program Files\Oracle\VirtualBox;C:\cygwin64\bin;C:\Users\pi\Documents\hub\develop-tools\hadoop-2.7.5\bin;C:\Program Files\MongoDB\Server\3.6\bin;C:\Users\pi\AppData\Local\Yarn\bin;C:\Program Files (x86)\Yarn\bin;C:\local\boost_1_67_0;C:\local\boost_1_67_0\stage\lib;C:\Users\pi\AppData\Roaming\npm;C:\Users\pi\go\bin;C:\Program Files\Intel\WiFi\bin;C:\Program Files\Common Files\Intel\WirelessCommon;C:\Program Files (x86)\Yarn\bin;C:\Program Files\Git\usr\bin\vendor_perl;C:\Program Files\Git\usr\bin\core_perl

Yarn version: 
  1.6.0

Node version: 
  10.1.0

Platform: 
  win32 x64

Trace: 
  SyntaxError: C:\Users\pi\Documents\项目管理\自研项目\代码管理\discuz-spider\website-scraper\package.json: Unexpected token } in JSON at position 178
      at JSON.parse (<anonymous>)
      at C:\Program Files (x86)\Yarn\lib\cli.js:1130:59
      at Generator.next (<anonymous>)
      at step (C:\Program Files (x86)\Yarn\lib\cli.js:98:30)
      at C:\Program Files (x86)\Yarn\lib\cli.js:109:13

npm manifest: 
  {
    "scripts": {
      "start": "node app.js",
      "unit-test": "mocha --recursive --require babel-core/register",
      "test": "mocha --recursive --require babel-core/register",
    },
    "dependencies": {
      "babel-core": "^6.26.3",
      "babel-preset-es2015": "^6.24.1",
      "download": "^6.2.5",
      "fs-extra": "^4.0.2",
      "sync-request": "^4.1.0",
      "website-scraper": "^3.3.2"
    }
  }

yarn manifest: 
  No manifest

Lockfile: 
  # THIS IS AN AUTOGENERATED FILE. DO NOT EDIT THIS FILE DIRECTLY.
  # yarn lockfile v1
  
  
  ajv@^5.1.0:
    version "5.5.2"
    resolved "http://registry.npm.taobao.org/ajv/download/ajv-5.5.2.tgz#73b5eeca3fab653e3d3f9422b341ad42205dc965"
    dependencies:
      co "^4.6.0"
      fast-deep-equal "^1.0.0"
      fast-json-stable-stringify "^2.0.0"
      json-schema-traverse "^0.3.0"
  
  ansi-regex@^2.0.0:
    version "2.1.1"
    resolved "http://registry.npm.taobao.org/ansi-regex/download/ansi-regex-2.1.1.tgz#c3b33ab5ee360d86e0e628f0468ae7ef27d654df"
  
  ansi-styles@^2.2.1:
    version "2.2.1"
    resolved "http://registry.npm.taobao.org/ansi-styles/download/ansi-styles-2.2.1.tgz#b432dd3358b634cf75e1e4664368240533c1ddbe"
  
  array-uniq@^1.0.2:
    version "1.0.3"
    resolved "http://registry.npm.taobao.org/array-uniq/download/array-uniq-1.0.3.tgz#af6ac877a25cc7f74e058894753858dfdb24fdb6"
  
  asap@~2.0.3:
    version "2.0.6"
    resolved "http://registry.npm.taobao.org/asap/download/asap-2.0.6.tgz#e50347611d7e690943208bbdafebcbc2fb866d46"
  
  asn1@~0.2.3:
    version "0.2.4"
    resolved "http://registry.npm.taobao.org/asn1/download/asn1-0.2.4.tgz#8d2475dfab553bb33e77b54e59e880bb8ce23136"
    dependencies:
      safer-buffer "~2.1.0"
  
  assert-plus@1.0.0, assert-plus@^1.0.0:
    version "1.0.0"
    resolved "http://registry.npm.taobao.org/assert-plus/download/assert-plus-1.0.0.tgz#f12e0f3c5d77b0b1cdd9146942e4e96c1e4dd525"
  
  asynckit@^0.4.0:
    version "0.4.0"
    resolved "http://registry.npm.taobao.org/asynckit/download/asynckit-0.4.0.tgz#c79ed97f7f34cb8f2ba1bc9790bcc366474b4b79"
  
  aws-sign2@~0.7.0:
    version "0.7.0"
    resolved "http://registry.npm.taobao.org/aws-sign2/download/aws-sign2-0.7.0.tgz#b46e890934a9591f2d2f6f86d7e6a9f1b3fe76a8"
  
  aws4@^1.6.0:
    version "1.7.0"
    resolved "http://registry.npm.taobao.org/aws4/download/aws4-1.7.0.tgz#d4d0e9b9dbfca77bf08eeb0a8a471550fe39e289"
  
  babel-code-frame@^6.26.0:
    version "6.26.0"
    resolved "http://registry.npm.taobao.org/babel-code-frame/download/babel-code-frame-6.26.0.tgz#63fd43f7dc1e3bb7ce35947db8fe369a3f58c74b"
    dependencies:
      chalk "^1.1.3"
      esutils "^2.0.2"
      js-tokens "^3.0.2"
  
  babel-core@^6.26.0, babel-core@^6.26.3:
    version "6.26.3"
    resolved "http://registry.npm.taobao.org/babel-core/download/babel-core-6.26.3.tgz#b2e2f09e342d0f0c88e2f02e067794125e75c207"
    dependencies:
      babel-code-frame "^6.26.0"
      babel-generator "^6.26.0"
      babel-helpers "^6.24.1"
      babel-messages "^6.23.0"
      babel-register "^6.26.0"
      babel-runtime "^6.26.0"
      babel-template "^6.26.0"
      babel-traverse "^6.26.0"
      babel-types "^6.26.0"
      babylon "^6.18.0"
      convert-source-map "^1.5.1"
      debug "^2.6.9"
      json5 "^0.5.1"
      lodash "^4.17.4"
      minimatch "^3.0.4"
      path-is-absolute "^1.0.1"
      private "^0.1.8"
      slash "^1.0.0"
      source-map "^0.5.7"
  
  babel-generator@^6.26.0:
    version "6.26.1"
    resolved "http://registry.npm.taobao.org/babel-generator/download/babel-generator-6.26.1.tgz#1844408d3b8f0d35a404ea7ac180f087a601bd90"
    dependencies:
      babel-messages "^6.23.0"
      babel-runtime "^6.26.0"
      babel-types "^6.26.0"
      detect-indent "^4.0.0"
      jsesc "^1.3.0"
      lodash "^4.17.4"
      source-map "^0.5.7"
      trim-right "^1.0.1"
  
  babel-helper-call-delegate@^6.24.1:
    version "6.24.1"
    resolved "http://registry.npm.taobao.org/babel-helper-call-delegate/download/babel-helper-call-delegate-6.24.1.tgz#ece6aacddc76e41c3461f88bfc575bd0daa2df8d"
    dependencies:
      babel-helper-hoist-variables "^6.24.1"
      babel-runtime "^6.22.0"
      babel-traverse "^6.24.1"
      babel-types "^6.24.1"
  
  babel-helper-define-map@^6.24.1:
    version "6.26.0"
    resolved "http://registry.npm.taobao.org/babel-helper-define-map/download/babel-helper-define-map-6.26.0.tgz#a5f56dab41a25f97ecb498c7ebaca9819f95be5f"
    dependencies:
      babel-helper-function-name "^6.24.1"
      babel-runtime "^6.26.0"
      babel-types "^6.26.0"
      lodash "^4.17.4"
  
  babel-helper-function-name@^6.24.1:
    version "6.24.1"
    resolved "http://registry.npm.taobao.org/babel-helper-function-name/download/babel-helper-function-name-6.24.1.tgz#d3475b8c03ed98242a25b48351ab18399d3580a9"
    dependencies:
      babel-helper-get-function-arity "^6.24.1"
      babel-runtime "^6.22.0"
      babel-template "^6.24.1"
      babel-traverse "^6.24.1"
      babel-types "^6.24.1"
  
  babel-helper-get-function-arity@^6.24.1:
    version "6.24.1"
    resolved "http://registry.npm.taobao.org/babel-helper-get-function-arity/download/babel-helper-get-function-arity-6.24.1.tgz#8f7782aa93407c41d3aa50908f89b031b1b6853d"
    dependencies:
      babel-runtime "^6.22.0"
      babel-types "^6.24.1"
  
  babel-helper-hoist-variables@^6.24.1:
    version "6.24.1"
    resolved "http://registry.npm.taobao.org/babel-helper-hoist-variables/download/babel-helper-hoist-variables-6.24.1.tgz#1ecb27689c9d25513eadbc9914a73f5408be7a76"
    dependencies:
      babel-runtime "^6.22.0"
      babel-types "^6.24.1"
  
  babel-helper-optimise-call-expression@^6.24.1:
    version "6.24.1"
    resolved "http://registry.npm.taobao.org/babel-helper-optimise-call-expression/download/babel-helper-optimise-call-expression-6.24.1.tgz#f7a13427ba9f73f8f4fa993c54a97882d1244257"
    dependencies:
      babel-runtime "^6.22.0"
      babel-types "^6.24.1"
  
  babel-helper-regex@^6.24.1:
    version "6.26.0"
    resolved "http://registry.npm.taobao.org/babel-helper-regex/download/babel-helper-regex-6.26.0.tgz#325c59f902f82f24b74faceed0363954f6495e72"
    dependencies:
      babel-runtime "^6.26.0"
      babel-types "^6.26.0"
      lodash "^4.17.4"
  
  babel-helper-replace-supers@^6.24.1:
    version "6.24.1"
    resolved "http://registry.npm.taobao.org/babel-helper-replace-supers/download/babel-helper-replace-supers-6.24.1.tgz#bf6dbfe43938d17369a213ca8a8bf74b6a90ab1a"
    dependencies:
      babel-helper-optimise-call-expression "^6.24.1"
      babel-messages "^6.23.0"
      babel-runtime "^6.22.0"
      babel-template "^6.24.1"
      babel-traverse "^6.24.1"
      babel-types "^6.24.1"
  
  babel-helpers@^6.24.1:
    version "6.24.1"
    resolved "http://registry.npm.taobao.org/babel-helpers/download/babel-helpers-6.24.1.tgz#3471de9caec388e5c850e597e58a26ddf37602b2"
    dependencies:
      babel-runtime "^6.22.0"
      babel-template "^6.24.1"
  
  babel-messages@^6.23.0:
    version "6.23.0"
    resolved "http://registry.npm.taobao.org/babel-messages/download/babel-messages-6.23.0.tgz#f3cdf4703858035b2a2951c6ec5edf6c62f2630e"
    dependencies:
      babel-runtime "^6.22.0"
  
  babel-plugin-check-es2015-constants@^6.22.0:
    version "6.22.0"
    resolved "http://registry.npm.taobao.org/babel-plugin-check-es2015-constants/download/babel-plugin-check-es2015-constants-6.22.0.tgz#35157b101426fd2ffd3da3f75c7d1e91835bbf8a"
    dependencies:
      babel-runtime "^6.22.0"
  
  babel-plugin-transform-es2015-arrow-functions@^6.22.0:
    version "6.22.0"
    resolved "http://registry.npm.taobao.org/babel-plugin-transform-es2015-arrow-functions/download/babel-plugin-transform-es2015-arrow-functions-6.22.0.tgz#452692cb711d5f79dc7f85e440ce41b9f244d221"
    dependencies:
      babel-runtime "^6.22.0"
  
  babel-plugin-transform-es2015-block-scoped-functions@^6.22.0:
    version "6.22.0"
    resolved "http://registry.npm.taobao.org/babel-plugin-transform-es2015-block-scoped-functions/download/babel-plugin-transform-es2015-block-scoped-functions-6.22.0.tgz#bbc51b49f964d70cb8d8e0b94e820246ce3a6141"
    dependencies:
      babel-runtime "^6.22.0"
  
  babel-plugin-transform-es2015-block-scoping@^6.24.1:
    version "6.26.0"
    resolved "http://registry.npm.taobao.org/babel-plugin-transform-es2015-block-scoping/download/babel-plugin-transform-es2015-block-scoping-6.26.0.tgz#d70f5299c1308d05c12f463813b0a09e73b1895f"
    dependencies:
      babel-runtime "^6.26.0"
      babel-template "^6.26.0"
      babel-traverse "^6.26.0"
      babel-types "^6.26.0"
      lodash "^4.17.4"
  
  babel-plugin-transform-es2015-classes@^6.24.1:
    version "6.24.1"
    resolved "http://registry.npm.taobao.org/babel-plugin-transform-es2015-classes/download/babel-plugin-transform-es2015-classes-6.24.1.tgz#5a4c58a50c9c9461e564b4b2a3bfabc97a2584db"
    dependencies:
      babel-helper-define-map "^6.24.1"
      babel-helper-function-name "^6.24.1"
      babel-helper-optimise-call-expression "^6.24.1"
      babel-helper-replace-supers "^6.24.1"
      babel-messages "^6.23.0"
      babel-runtime "^6.22.0"
      babel-template "^6.24.1"
      babel-traverse "^6.24.1"
      babel-types "^6.24.1"
  
  babel-plugin-transform-es2015-computed-properties@^6.24.1:
    version "6.24.1"
    resolved "http://registry.npm.taobao.org/babel-plugin-transform-es2015-computed-properties/download/babel-plugin-transform-es2015-computed-properties-6.24.1.tgz#6fe2a8d16895d5634f4cd999b6d3480a308159b3"
    dependencies:
      babel-runtime "^6.22.0"
      babel-template "^6.24.1"
  
  babel-plugin-transform-es2015-destructuring@^6.22.0:
    version "6.23.0"
    resolved "http://registry.npm.taobao.org/babel-plugin-transform-es2015-destructuring/download/babel-plugin-transform-es2015-destructuring-6.23.0.tgz#997bb1f1ab967f682d2b0876fe358d60e765c56d"
    dependencies:
      babel-runtime "^6.22.0"
  
  babel-plugin-transform-es2015-duplicate-keys@^6.24.1:
    version "6.24.1"
    resolved "http://registry.npm.taobao.org/babel-plugin-transform-es2015-duplicate-keys/download/babel-plugin-transform-es2015-duplicate-keys-6.24.1.tgz#73eb3d310ca969e3ef9ec91c53741a6f1576423e"
    dependencies:
      babel-runtime "^6.22.0"
      babel-types "^6.24.1"
  
  babel-plugin-transform-es2015-for-of@^6.22.0:
    version "6.23.0"
    resolved "http://registry.npm.taobao.org/babel-plugin-transform-es2015-for-of/download/babel-plugin-transform-es2015-for-of-6.23.0.tgz#f47c95b2b613df1d3ecc2fdb7573623c75248691"
    dependencies:
      babel-runtime "^6.22.0"
  
  babel-plugin-transform-es2015-function-name@^6.24.1:
    version "6.24.1"
    resolved "http://registry.npm.taobao.org/babel-plugin-transform-es2015-function-name/download/babel-plugin-transform-es2015-function-name-6.24.1.tgz#834c89853bc36b1af0f3a4c5dbaa94fd8eacaa8b"
    dependencies:
      babel-helper-function-name "^6.24.1"
      babel-runtime "^6.22.0"
      babel-types "^6.24.1"
  
  babel-plugin-transform-es2015-literals@^6.22.0:
    version "6.22.0"
    resolved "http://registry.npm.taobao.org/babel-plugin-transform-es2015-literals/download/babel-plugin-transform-es2015-literals-6.22.0.tgz#4f54a02d6cd66cf915280019a31d31925377ca2e"
    dependencies:
      babel-runtime "^6.22.0"
  
  babel-plugin-transform-es2015-modules-amd@^6.24.1:
    version "6.24.1"
    resolved "http://registry.npm.taobao.org/babel-plugin-transform-es2015-modules-amd/download/babel-plugin-transform-es2015-modules-amd-6.24.1.tgz#3b3e54017239842d6d19c3011c4bd2f00a00d154"
    dependencies:
      babel-plugin-transform-es2015-modules-commonjs "^6.24.1"
      babel-runtime "^6.22.0"
      babel-template "^6.24.1"
  
  babel-plugin-transform-es2015-modules-commonjs@^6.24.1:
    version "6.26.2"
    resolved "http://registry.npm.taobao.org/babel-plugin-transform-es2015-modules-commonjs/download/babel-plugin-transform-es2015-modules-commonjs-6.26.2.tgz#58a793863a9e7ca870bdc5a881117ffac27db6f3"
    dependencies:
      babel-plugin-transform-strict-mode "^6.24.1"
      babel-runtime "^6.26.0"
      babel-template "^6.26.0"
      babel-types "^6.26.0"
  
  babel-plugin-transform-es2015-modules-systemjs@^6.24.1:
    version "6.24.1"
    resolved "http://registry.npm.taobao.org/babel-plugin-transform-es2015-modules-systemjs/download/babel-plugin-transform-es2015-modules-systemjs-6.24.1.tgz#ff89a142b9119a906195f5f106ecf305d9407d23"
    dependencies:
      babel-helper-hoist-variables "^6.24.1"
      babel-runtime "^6.22.0"
      babel-template "^6.24.1"
  
  babel-plugin-transform-es2015-modules-umd@^6.24.1:
    version "6.24.1"
    resolved "http://registry.npm.taobao.org/babel-plugin-transform-es2015-modules-umd/download/babel-plugin-transform-es2015-modules-umd-6.24.1.tgz#ac997e6285cd18ed6176adb607d602344ad38468"
    dependencies:
      babel-plugin-transform-es2015-modules-amd "^6.24.1"
      babel-runtime "^6.22.0"
      babel-template "^6.24.1"
  
  babel-plugin-transform-es2015-object-super@^6.24.1:
    version "6.24.1"
    resolved "http://registry.npm.taobao.org/babel-plugin-transform-es2015-object-super/download/babel-plugin-transform-es2015-object-super-6.24.1.tgz#24cef69ae21cb83a7f8603dad021f572eb278f8d"
    dependencies:
      babel-helper-replace-supers "^6.24.1"
      babel-runtime "^6.22.0"
  
  babel-plugin-transform-es2015-parameters@^6.24.1:
    version "6.24.1"
    resolved "http://registry.npm.taobao.org/babel-plugin-transform-es2015-parameters/download/babel-plugin-transform-es2015-parameters-6.24.1.tgz#57ac351ab49caf14a97cd13b09f66fdf0a625f2b"
    dependencies:
      babel-helper-call-delegate "^6.24.1"
      babel-helper-get-function-arity "^6.24.1"
      babel-runtime "^6.22.0"
      babel-template "^6.24.1"
      babel-traverse "^6.24.1"
      babel-types "^6.24.1"
  
  babel-plugin-transform-es2015-shorthand-properties@^6.24.1:
    version "6.24.1"
    resolved "http://registry.npm.taobao.org/babel-plugin-transform-es2015-shorthand-properties/download/babel-plugin-transform-es2015-shorthand-properties-6.24.1.tgz#24f875d6721c87661bbd99a4622e51f14de38aa0"
    dependencies:
      babel-runtime "^6.22.0"
      babel-types "^6.24.1"
  
  babel-plugin-transform-es2015-spread@^6.22.0:
    version "6.22.0"
    resolved "http://registry.npm.taobao.org/babel-plugin-transform-es2015-spread/download/babel-plugin-transform-es2015-spread-6.22.0.tgz#d6d68a99f89aedc4536c81a542e8dd9f1746f8d1"
    dependencies:
      babel-runtime "^6.22.0"
  
  babel-plugin-transform-es2015-sticky-regex@^6.24.1:
    version "6.24.1"
    resolved "http://registry.npm.taobao.org/babel-plugin-transform-es2015-sticky-regex/download/babel-plugin-transform-es2015-sticky-regex-6.24.1.tgz#00c1cdb1aca71112cdf0cf6126c2ed6b457ccdbc"
    dependencies:
      babel-helper-regex "^6.24.1"
      babel-runtime "^6.22.0"
      babel-types "^6.24.1"
  
  babel-plugin-transform-es2015-template-literals@^6.22.0:
    version "6.22.0"
    resolved "http://registry.npm.taobao.org/babel-plugin-transform-es2015-template-literals/download/babel-plugin-transform-es2015-template-literals-6.22.0.tgz#a84b3450f7e9f8f1f6839d6d687da84bb1236d8d"
    dependencies:
      babel-runtime "^6.22.0"
  
  babel-plugin-transform-es2015-typeof-symbol@^6.22.0:
    version "6.23.0"
    resolved "http://registry.npm.taobao.org/babel-plugin-transform-es2015-typeof-symbol/download/babel-plugin-transform-es2015-typeof-symbol-6.23.0.tgz#dec09f1cddff94b52ac73d505c84df59dcceb372"
    dependencies:
      babel-runtime "^6.22.0"
  
  babel-plugin-transform-es2015-unicode-regex@^6.24.1:
    version "6.24.1"
    resolved "http://registry.npm.taobao.org/babel-plugin-transform-es2015-unicode-regex/download/babel-plugin-transform-es2015-unicode-regex-6.24.1.tgz#d38b12f42ea7323f729387f18a7c5ae1faeb35e9"
    dependencies:
      babel-helper-regex "^6.24.1"
      babel-runtime "^6.22.0"
      regexpu-core "^2.0.0"
  
  babel-plugin-transform-regenerator@^6.24.1:
    version "6.26.0"
    resolved "http://registry.npm.taobao.org/babel-plugin-transform-regenerator/download/babel-plugin-transform-regenerator-6.26.0.tgz#e0703696fbde27f0a3efcacf8b4dca2f7b3a8f2f"
    dependencies:
      regenerator-transform "^0.10.0"
  
  babel-plugin-transform-strict-mode@^6.24.1:
    version "6.24.1"
    resolved "http://registry.npm.taobao.org/babel-plugin-transform-strict-mode/download/babel-plugin-transform-strict-mode-6.24.1.tgz#d5faf7aa578a65bbe591cf5edae04a0c67020758"
    dependencies:
      babel-runtime "^6.22.0"
      babel-types "^6.24.1"
  
  babel-preset-es2015@^6.24.1:
    version "6.24.1"
    resolved "http://registry.npm.taobao.org/babel-preset-es2015/download/babel-preset-es2015-6.24.1.tgz#d44050d6bc2c9feea702aaf38d727a0210538939"
    dependencies:
      babel-plugin-check-es2015-constants "^6.22.0"
      babel-plugin-transform-es2015-arrow-functions "^6.22.0"
      babel-plugin-transform-es2015-block-scoped-functions "^6.22.0"
      babel-plugin-transform-es2015-block-scoping "^6.24.1"
      babel-plugin-transform-es2015-classes "^6.24.1"
      babel-plugin-transform-es2015-computed-properties "^6.24.1"
      babel-plugin-transform-es2015-destructuring "^6.22.0"
      babel-plugin-transform-es2015-duplicate-keys "^6.24.1"
      babel-plugin-transform-es2015-for-of "^6.22.0"
      babel-plugin-transform-es2015-function-name "^6.24.1"
      babel-plugin-transform-es2015-literals "^6.22.0"
      babel-plugin-transform-es2015-modules-amd "^6.24.1"
      babel-plugin-transform-es2015-modules-commonjs "^6.24.1"
      babel-plugin-transform-es2015-modules-systemjs "^6.24.1"
      babel-plugin-transform-es2015-modules-umd "^6.24.1"
      babel-plugin-transform-es2015-object-super "^6.24.1"
      babel-plugin-transform-es2015-parameters "^6.24.1"
      babel-plugin-transform-es2015-shorthand-properties "^6.24.1"
      babel-plugin-transform-es2015-spread "^6.22.0"
      babel-plugin-transform-es2015-sticky-regex "^6.24.1"
      babel-plugin-transform-es2015-template-literals "^6.22.0"
      babel-plugin-transform-es2015-typeof-symbol "^6.22.0"
      babel-plugin-transform-es2015-unicode-regex "^6.24.1"
      babel-plugin-transform-regenerator "^6.24.1"
  
  babel-register@^6.26.0:
    version "6.26.0"
    resolved "http://registry.npm.taobao.org/babel-register/download/babel-register-6.26.0.tgz#6ed021173e2fcb486d7acb45c6009a856f647071"
    dependencies:
      babel-core "^6.26.0"
      babel-runtime "^6.26.0"
      core-js "^2.5.0"
      home-or-tmp "^2.0.0"
      lodash "^4.17.4"
      mkdirp "^0.5.1"
      source-map-support "^0.4.15"
  
  babel-runtime@^6.18.0, babel-runtime@^6.22.0, babel-runtime@^6.26.0:
    version "6.26.0"
    resolved "http://registry.npm.taobao.org/babel-runtime/download/babel-runtime-6.26.0.tgz#965c7058668e82b55d7bfe04ff2337bc8b5647fe"
    dependencies:
      core-js "^2.4.0"
      regenerator-runtime "^0.11.0"
  
  babel-template@^6.24.1, babel-template@^6.26.0:
    version "6.26.0"
    resolved "http://registry.npm.taobao.org/babel-template/download/babel-template-6.26.0.tgz#de03e2d16396b069f46dd9fff8521fb1a0e35e02"
    dependencies:
      babel-runtime "^6.26.0"
      babel-traverse "^6.26.0"
      babel-types "^6.26.0"
      babylon "^6.18.0"
      lodash "^4.17.4"
  
  babel-traverse@^6.24.1, babel-traverse@^6.26.0:
    version "6.26.0"
    resolved "http://registry.npm.taobao.org/babel-traverse/download/babel-traverse-6.26.0.tgz#46a9cbd7edcc62c8e5c064e2d2d8d0f4035766ee"
    dependencies:
      babel-code-frame "^6.26.0"
      babel-messages "^6.23.0"
      babel-runtime "^6.26.0"
      babel-types "^6.26.0"
      babylon "^6.18.0"
      debug "^2.6.8"
      globals "^9.18.0"
      invariant "^2.2.2"
      lodash "^4.17.4"
  
  babel-types@^6.19.0, babel-types@^6.24.1, babel-types@^6.26.0:
    version "6.26.0"
    resolved "http://registry.npm.taobao.org/babel-types/download/babel-types-6.26.0.tgz#a3b073f94ab49eb6fa55cd65227a334380632497"
    dependencies:
      babel-runtime "^6.26.0"
      esutils "^2.0.2"
      lodash "^4.17.4"
      to-fast-properties "^1.0.3"
  
  babylon@^6.18.0:
    version "6.18.0"
    resolved "http://registry.npm.taobao.org/babylon/download/babylon-6.18.0.tgz#af2f3b88fa6f5c1e4c634d1a0f8eac4f55b395e3"
  
  balanced-match@^1.0.0:
    version "1.0.0"
    resolved "http://registry.npm.taobao.org/balanced-match/download/balanced-match-1.0.0.tgz#89b4d199ab2bee49de164ea02b89ce462d71b767"
  
  base64-js@0.0.8:
    version "0.0.8"
    resolved "http://registry.npm.taobao.org/base64-js/download/base64-js-0.0.8.tgz#1101e9544f4a76b1bc3b26d452ca96d7a35e7978"
  
  bcrypt-pbkdf@^1.0.0:
    version "1.0.2"
    resolved "http://registry.npm.taobao.org/bcrypt-pbkdf/download/bcrypt-pbkdf-1.0.2.tgz#a4301d389b6a43f9b67ff3ca11a3f6637e360e9e"
    dependencies:
      tweetnacl "^0.14.3"
  
  bl@^1.0.0:
    version "1.2.2"
    resolved "http://registry.npm.taobao.org/bl/download/bl-1.2.2.tgz#a160911717103c07410cef63ef51b397c025af9c"
    dependencies:
      readable-stream "^2.3.5"
      safe-buffer "^5.1.1"
  
  bluebird@^3.0.1:
    version "3.5.1"
    resolved "http://registry.npm.taobao.org/bluebird/download/bluebird-3.5.1.tgz#d9551f9de98f1fcda1e683d17ee91a0602ee2eb9"
  
  boolbase@~1.0.0:
    version "1.0.0"
    resolved "http://registry.npm.taobao.org/boolbase/download/boolbase-1.0.0.tgz#68dff5fbe60c51eb37725ea9e3ed310dcc1e776e"
  
  brace-expansion@^1.1.7:
    version "1.1.11"
    resolved "http://registry.npm.taobao.org/brace-expansion/download/brace-expansion-1.1.11.tgz#3c7fcbf529d87226f3d2f52b966ff5271eb441dd"
    dependencies:
      balanced-match "^1.0.0"
      concat-map "0.0.1"
  
  buffer-alloc-unsafe@^1.1.0:
    version "1.1.0"
    resolved "http://registry.npm.taobao.org/buffer-alloc-unsafe/download/buffer-alloc-unsafe-1.1.0.tgz#bd7dc26ae2972d0eda253be061dba992349c19f0"
  
  buffer-alloc@^1.1.0:
    version "1.2.0"
    resolved "http://registry.npm.taobao.org/buffer-alloc/download/buffer-alloc-1.2.0.tgz#890dd90d923a873e08e10e5fd51a57e5b7cce0ec"
    dependencies:
      buffer-alloc-unsafe "^1.1.0"
      buffer-fill "^1.0.0"
  
  buffer-crc32@~0.2.3:
    version "0.2.13"
    resolved "http://registry.npm.taobao.org/buffer-crc32/download/buffer-crc32-0.2.13.tgz#0d333e3f00eac50aa1454abd30ef8c2a5d9a7242"
  
  buffer-fill@^1.0.0:
    version "1.0.0"
    resolved "http://registry.npm.taobao.org/buffer-fill/download/buffer-fill-1.0.0.tgz#f8f78b76789888ef39f205cd637f68e702122b2c"
  
  buffer-from@^1.0.0:
    version "1.1.1"
    resolved "http://registry.npm.taobao.org/buffer-from/download/buffer-from-1.1.1.tgz#32713bc028f75c02fdb710d7c7bcec1f2c6070ef"
  
  buffer@^3.0.1:
    version "3.6.0"
    resolved "http://registry.npm.taobao.org/buffer/download/buffer-3.6.0.tgz#a72c936f77b96bf52f5f7e7b467180628551defb"
    dependencies:
      base64-js "0.0.8"
      ieee754 "^1.1.4"
      isarray "^1.0.0"
  
  caseless@~0.11.0:
    version "0.11.0"
    resolved "http://registry.npm.taobao.org/caseless/download/caseless-0.11.0.tgz#715b96ea9841593cc33067923f5ec60ebda4f7d7"
  
  caseless@~0.12.0:
    version "0.12.0"
    resolved "http://registry.npm.taobao.org/caseless/download/caseless-0.12.0.tgz#1b681c21ff84033c826543090689420d187151dc"
  
  caw@^2.0.0:
    version "2.0.1"
    resolved "http://registry.npm.taobao.org/caw/download/caw-2.0.1.tgz#6c3ca071fc194720883c2dc5da9b074bfc7e9e95"
    dependencies:
      get-proxy "^2.0.0"
      isurl "^1.0.0-alpha5"
      tunnel-agent "^0.6.0"
      url-to-options "^1.0.1"
  
  chalk@^1.1.3:
    version "1.1.3"
    resolved "http://registry.npm.taobao.org/chalk/download/chalk-1.1.3.tgz#a8115c55e4a702fe4d150abd3872822a7e09fc98"
    dependencies:
      ansi-styles "^2.2.1"
      escape-string-regexp "^1.0.2"
      has-ansi "^2.0.0"
      strip-ansi "^3.0.0"
      supports-color "^2.0.0"
  
  cheerio@0.22.0:
    version "0.22.0"
    resolved "http://registry.npm.taobao.org/cheerio/download/cheerio-0.22.0.tgz#a9baa860a3f9b595a6b81b1a86873121ed3a269e"
    dependencies:
      css-select "~1.2.0"
      dom-serializer "~0.1.0"
      entities "~1.1.1"
      htmlparser2 "^3.9.1"
      lodash.assignin "^4.0.9"
      lodash.bind "^4.1.4"
      lodash.defaults "^4.0.1"
      lodash.filter "^4.4.0"
      lodash.flatten "^4.2.0"
      lodash.foreach "^4.3.0"
      lodash.map "^4.4.0"
      lodash.merge "^4.4.0"
      lodash.pick "^4.2.1"
      lodash.reduce "^4.4.0"
      lodash.reject "^4.4.0"
      lodash.some "^4.4.0"
  
  co@^4.6.0:
    version "4.6.0"
    resolved "http://registry.npm.taobao.org/co/download/co-4.6.0.tgz#6ea6bdf3d853ae54ccb8e47bfa0bf3f9031fb184"
  
  combined-stream@1.0.6, combined-stream@~1.0.5:
    version "1.0.6"
    resolved "http://registry.npm.taobao.org/combined-stream/download/combined-stream-1.0.6.tgz#723e7df6e801ac5613113a7e445a9b69cb632818"
    dependencies:
      delayed-stream "~1.0.0"
  
  command-exists@^1.2.2:
    version "1.2.7"
    resolved "http://registry.npm.taobao.org/command-exists/download/command-exists-1.2.7.tgz#16828f0c3ff2b0c58805861ef211b64fc15692a8"
  
  commander@~2.8.1:
    version "2.8.1"
    resolved "http://registry.npm.taobao.org/commander/download/commander-2.8.1.tgz#06be367febfda0c330aa1e2a072d3dc9762425d4"
    dependencies:
      graceful-readlink ">= 1.0.0"
  
  concat-map@0.0.1:
    version "0.0.1"
    resolved "http://registry.npm.taobao.org/concat-map/download/concat-map-0.0.1.tgz#d8a96bd77fd68df7793a73036a3ba0d5405d477b"
  
  concat-stream@^1.4.6, concat-stream@^1.4.7, concat-stream@^1.6.0:
    version "1.6.2"
    resolved "http://registry.npm.taobao.org/concat-stream/download/concat-stream-1.6.2.tgz#904bdf194cd3122fc675c77fc4ac3d4ff0fd1a34"
    dependencies:
      buffer-from "^1.0.0"
      inherits "^2.0.3"
      readable-stream "^2.2.2"
      typedarray "^0.0.6"
  
  config-chain@^1.1.11:
    version "1.1.11"
    resolved "http://registry.npm.taobao.org/config-chain/download/config-chain-1.1.11.tgz#aba09747dfbe4c3e70e766a6e41586e1859fc6f2"
    dependencies:
      ini "^1.3.4"
      proto-list "~1.2.1"
  
  content-disposition@^0.5.2:
    version "0.5.2"
    resolved "http://registry.npm.taobao.org/content-disposition/download/content-disposition-0.5.2.tgz#0cf68bb9ddf5f2be7961c3a85178cb85dba78cb4"
  
  convert-source-map@^1.5.1:
    version "1.5.1"
    resolved "http://registry.npm.taobao.org/convert-source-map/download/convert-source-map-1.5.1.tgz#b8278097b9bc229365de5c62cf5fcaed8b5599e5"
  
  core-js@^2.4.0, core-js@^2.5.0:
    version "2.5.7"
    resolved "http://registry.npm.taobao.org/core-js/download/core-js-2.5.7.tgz#f972608ff0cead68b841a16a932d0b183791814e"
  
  core-util-is@1.0.2, core-util-is@~1.0.0:
    version "1.0.2"
    resolved "http://registry.npm.taobao.org/core-util-is/download/core-util-is-1.0.2.tgz#b5fd54220aa2bc5ab57aab7140c940754503c1a7"
  
  css-select@~1.2.0:
    version "1.2.0"
    resolved "http://registry.npm.taobao.org/css-select/download/css-select-1.2.0.tgz#2b3a110539c5355f1cd8d314623e870b121ec858"
    dependencies:
      boolbase "~1.0.0"
      css-what "2.1"
      domutils "1.5.1"
      nth-check "~1.0.1"
  
  css-url-parser@^1.0.0:
    version "1.1.3"
    resolved "http://registry.npm.taobao.org/css-url-parser/download/css-url-parser-1.1.3.tgz#aa401e5d3dd1c0b9304c096028bb992001ff5c97"
  
  css-what@2.1:
    version "2.1.0"
    resolved "http://registry.npm.taobao.org/css-what/download/css-what-2.1.0.tgz#9467d032c38cfaefb9f2d79501253062f87fa1bd"
  
  dashdash@^1.12.0:
    version "1.14.1"
    resolved "http://registry.npm.taobao.org/dashdash/download/dashdash-1.14.1.tgz#853cfa0f7cbe2fed5de20326b8dd581035f6e2f0"
    dependencies:
      assert-plus "^1.0.0"
  
  debug@^2.6.8, debug@^2.6.9:
    version "2.6.9"
    resolved "http://registry.npm.taobao.org/debug/download/debug-2.6.9.tgz#5d128515df134ff327e90a4c93f4e077a536341f"
    dependencies:
      ms "2.0.0"
  
  debug@^3.1.0:
    version "3.1.0"
    resolved "http://registry.npm.taobao.org/debug/download/debug-3.1.0.tgz#5bb5a0672628b64149566ba16819e61518c67261"
    dependencies:
      ms "2.0.0"
  
  decode-uri-component@^0.2.0:
    version "0.2.0"
    resolved "http://registry.npm.taobao.org/decode-uri-component/download/decode-uri-component-0.2.0.tgz#eb3913333458775cb84cd1a1fae062106bb87545"
  
  decompress-response@^3.2.0:
    version "3.3.0"
    resolved "http://registry.npm.taobao.org/decompress-response/download/decompress-response-3.3.0.tgz#80a4dd323748384bfa248083622aedec982adff3"
    dependencies:
      mimic-response "^1.0.0"
  
  decompress-tar@^4.0.0, decompress-tar@^4.1.0, decompress-tar@^4.1.1:
    version "4.1.1"
    resolved "http://registry.npm.taobao.org/decompress-tar/download/decompress-tar-4.1.1.tgz#718cbd3fcb16209716e70a26b84e7ba4592e5af1"
    dependencies:
      file-type "^5.2.0"
      is-stream "^1.1.0"
      tar-stream "^1.5.2"
  
  decompress-tarbz2@^4.0.0:
    version "4.1.1"
    resolved "http://registry.npm.taobao.org/decompress-tarbz2/download/decompress-tarbz2-4.1.1.tgz#3082a5b880ea4043816349f378b56c516be1a39b"
    dependencies:
      decompress-tar "^4.1.0"
      file-type "^6.1.0"
      is-stream "^1.1.0"
      seek-bzip "^1.0.5"
      unbzip2-stream "^1.0.9"
  
  decompress-targz@^4.0.0:
    version "4.1.1"
    resolved "http://registry.npm.taobao.org/decompress-targz/download/decompress-targz-4.1.1.tgz#c09bc35c4d11f3de09f2d2da53e9de23e7ce1eee"
    dependencies:
      decompress-tar "^4.1.1"
      file-type "^5.2.0"
      is-stream "^1.1.0"
  
  decompress-unzip@^4.0.1:
    version "4.0.1"
    resolved "http://registry.npm.taobao.org/decompress-unzip/download/decompress-unzip-4.0.1.tgz#deaaccdfd14aeaf85578f733ae8210f9b4848f69"
    dependencies:
      file-type "^3.8.0"
      get-stream "^2.2.0"
      pify "^2.3.0"
      yauzl "^2.4.2"
  
  decompress@^4.0.0:
    version "4.2.0"
    resolved "http://registry.npm.taobao.org/decompress/download/decompress-4.2.0.tgz#7aedd85427e5a92dacfe55674a7c505e96d01f9d"
    dependencies:
      decompress-tar "^4.0.0"
      decompress-tarbz2 "^4.0.0"
      decompress-targz "^4.0.0"
      decompress-unzip "^4.0.1"
      graceful-fs "^4.1.10"
      make-dir "^1.0.0"
      pify "^2.3.0"
      strip-dirs "^2.0.0"
  
  delayed-stream@~1.0.0:
    version "1.0.0"
    resolved "http://registry.npm.taobao.org/delayed-stream/download/delayed-stream-1.0.0.tgz#df3ae199acadfb7d440aaae0b29e2272b24ec619"
  
  detect-indent@^4.0.0:
    version "4.0.0"
    resolved "http://registry.npm.taobao.org/detect-indent/download/detect-indent-4.0.0.tgz#f76d064352cdf43a1cb6ce619c4ee3a9475de208"
    dependencies:
      repeating "^2.0.0"
  
  dom-serializer@0, dom-serializer@~0.1.0:
    version "0.1.0"
    resolved "http://registry.npm.taobao.org/dom-serializer/download/dom-serializer-0.1.0.tgz#073c697546ce0780ce23be4a28e293e40bc30c82"
    dependencies:
      domelementtype "~1.1.1"
      entities "~1.1.1"
  
  domelementtype@1, domelementtype@^1.3.0:
    version "1.3.0"
    resolved "http://registry.npm.taobao.org/domelementtype/download/domelementtype-1.3.0.tgz#b17aed82e8ab59e52dd9c19b1756e0fc187204c2"
  
  domelementtype@~1.1.1:
    version "1.1.3"
    resolved "http://registry.npm.taobao.org/domelementtype/download/domelementtype-1.1.3.tgz#bd28773e2642881aec51544924299c5cd822185b"
  
  domhandler@^2.3.0:
    version "2.4.2"
    resolved "http://registry.npm.taobao.org/domhandler/download/domhandler-2.4.2.tgz#8805097e933d65e85546f726d60f5eb88b44f803"
    dependencies:
      domelementtype "1"
  
  domutils@1.5.1:
    version "1.5.1"
    resolved "http://registry.npm.taobao.org/domutils/download/domutils-1.5.1.tgz#dcd8488a26f563d61079e48c9f7b7e32373682cf"
    dependencies:
      dom-serializer "0"
      domelementtype "1"
  
  domutils@^1.5.1:
    version "1.7.0"
    resolved "http://registry.npm.taobao.org/domutils/download/domutils-1.7.0.tgz#56ea341e834e06e6748af7a1cb25da67ea9f8c2a"
    dependencies:
      dom-serializer "0"
      domelementtype "1"
  
  download@^6.2.5:
    version "6.2.5"
    resolved "http://registry.npm.taobao.org/download/download/download-6.2.5.tgz#acd6a542e4cd0bb42ca70cfc98c9e43b07039714"
    dependencies:
      caw "^2.0.0"
      content-disposition "^0.5.2"
      decompress "^4.0.0"
      ext-name "^5.0.0"
      file-type "5.2.0"
      filenamify "^2.0.0"
      get-stream "^3.0.0"
      got "^7.0.0"
      make-dir "^1.0.0"
      p-event "^1.0.0"
      pify "^3.0.0"
  
  duplexer3@^0.1.4:
    version "0.1.4"
    resolved "http://registry.npm.taobao.org/duplexer3/download/duplexer3-0.1.4.tgz#ee01dd1cac0ed3cbc7fdbea37dc0a8f1ce002ce2"
  
  ecc-jsbn@~0.1.1:
    version "0.1.2"
    resolved "http://registry.npm.taobao.org/ecc-jsbn/download/ecc-jsbn-0.1.2.tgz#3a83a904e54353287874c564b7549386849a98c9"
    dependencies:
      jsbn "~0.1.0"
      safer-buffer "^2.1.0"
  
  end-of-stream@^1.0.0:
    version "1.4.1"
    resolved "http://registry.npm.taobao.org/end-of-stream/download/end-of-stream-1.4.1.tgz#ed29634d19baba463b6ce6b80a37213eab71ec43"
    dependencies:
      once "^1.4.0"
  
  entities@^1.1.1, entities@~1.1.1:
    version "1.1.1"
    resolved "http://registry.npm.taobao.org/entities/download/entities-1.1.1.tgz#6e5c2d0a5621b5dadaecef80b90edfb5cd7772f0"
  
  escape-string-regexp@^1.0.2:
    version "1.0.5"
    resolved "http://registry.npm.taobao.org/escape-string-regexp/download/escape-string-regexp-1.0.5.tgz#1b61c0562190a8dff6ae3bb2cf0200ca130b86d4"
  
  esutils@^2.0.2:
    version "2.0.2"
    resolved "http://registry.npm.taobao.org/esutils/download/esutils-2.0.2.tgz#0abf4f1caa5bcb1f7a9d8acc6dea4faaa04bac9b"
  
  ext-list@^2.0.0:
    version "2.2.2"
    resolved "http://registry.npm.taobao.org/ext-list/download/ext-list-2.2.2.tgz#0b98e64ed82f5acf0f2931babf69212ef52ddd37"
    dependencies:
      mime-db "^1.28.0"
  
  ext-name@^5.0.0:
    version "5.0.0"
    resolved "http://registry.npm.taobao.org/ext-name/download/ext-name-5.0.0.tgz#70781981d183ee15d13993c8822045c506c8f0a6"
    dependencies:
      ext-list "^2.0.0"
      sort-keys-length "^1.0.0"
  
  extend@~3.0.1:
    version "3.0.2"
    resolved "http://registry.npm.taobao.org/extend/download/extend-3.0.2.tgz#f8b1136b4071fbd8eb140aff858b1019ec2915fa"
  
  extsprintf@1.3.0:
    version "1.3.0"
    resolved "http://registry.npm.taobao.org/extsprintf/download/extsprintf-1.3.0.tgz#96918440e3041a7a414f8c52e3c574eb3c3e1e05"
  
  extsprintf@^1.2.0:
    version "1.4.0"
    resolved "http://registry.npm.taobao.org/extsprintf/download/extsprintf-1.4.0.tgz#e2689f8f356fad62cca65a3a91c5df5f9551692f"
  
  fast-deep-equal@^1.0.0:
    version "1.1.0"
    resolved "http://registry.npm.taobao.org/fast-deep-equal/download/fast-deep-equal-1.1.0.tgz#c053477817c86b51daa853c81e059b733d023614"
  
  fast-json-stable-stringify@^2.0.0:
    version "2.0.0"
    resolved "http://registry.npm.taobao.org/fast-json-stable-stringify/download/fast-json-stable-stringify-2.0.0.tgz#d5142c0caee6b1189f87d3a76111064f86c8bbf2"
  
  fd-slicer@~1.1.0:
    version "1.1.0"
    resolved "http://registry.npm.taobao.org/fd-slicer/download/fd-slicer-1.1.0.tgz#25c7c89cb1f9077f8891bbe61d8f390eae256f1e"
    dependencies:
      pend "~1.2.0"
  
  file-type@5.2.0, file-type@^5.2.0:
    version "5.2.0"
    resolved "http://registry.npm.taobao.org/file-type/download/file-type-5.2.0.tgz#2ddbea7c73ffe36368dfae49dc338c058c2b8ad6"
  
  file-type@^3.8.0:
    version "3.9.0"
    resolved "http://registry.npm.taobao.org/file-type/download/file-type-3.9.0.tgz#257a078384d1db8087bc449d107d52a52672b9e9"
  
  file-type@^6.1.0:
    version "6.2.0"
    resolved "http://registry.npm.taobao.org/file-type/download/file-type-6.2.0.tgz#e50cd75d356ffed4e306dc4f5bcf52a79903a919"
  
  filename-reserved-regex@^2.0.0:
    version "2.0.0"
    resolved "http://registry.npm.taobao.org/filename-reserved-regex/download/filename-reserved-regex-2.0.0.tgz#abf73dfab735d045440abfea2d91f389ebbfa229"
  
  filenamify@^2.0.0:
    version "2.1.0"
    resolved "http://registry.npm.taobao.org/filenamify/download/filenamify-2.1.0.tgz#88faf495fb1b47abfd612300002a16228c677ee9"
    dependencies:
      filename-reserved-regex "^2.0.0"
      strip-outer "^1.0.0"
      trim-repeated "^1.0.0"
  
  forever-agent@~0.6.1:
    version "0.6.1"
    resolved "http://registry.npm.taobao.org/forever-agent/download/forever-agent-0.6.1.tgz#fbc71f0c41adeb37f96c577ad1ed42d8fdacca91"
  
  form-data@~2.3.1:
    version "2.3.2"
    resolved "http://registry.npm.taobao.org/form-data/download/form-data-2.3.2.tgz#4970498be604c20c005d4f5c23aecd21d6b49099"
    dependencies:
      asynckit "^0.4.0"
      combined-stream "1.0.6"
      mime-types "^2.1.12"
  
  fs-constants@^1.0.0:
    version "1.0.0"
    resolved "http://registry.npm.taobao.org/fs-constants/download/fs-constants-1.0.0.tgz#6be0de9be998ce16af8afc24497b9ee9b7ccd9ad"
  
  fs-extra@^4.0.2:
    version "4.0.3"
    resolved "http://registry.npm.taobao.org/fs-extra/download/fs-extra-4.0.3.tgz#0d852122e5bc5beb453fb028e9c0c9bf36340c94"
    dependencies:
      graceful-fs "^4.1.2"
      jsonfile "^4.0.0"
      universalify "^0.1.0"
  
  fs-extra@^5.0.0:
    version "5.0.0"
    resolved "http://registry.npm.taobao.org/fs-extra/download/fs-extra-5.0.0.tgz#414d0110cdd06705734d055652c5411260c31abd"
    dependencies:
      graceful-fs "^4.1.2"
      jsonfile "^4.0.0"
      universalify "^0.1.0"
  
  get-port@^3.1.0:
    version "3.2.0"
    resolved "http://registry.npm.taobao.org/get-port/download/get-port-3.2.0.tgz#dd7ce7de187c06c8bf353796ac71e099f0980ebc"
  
  get-proxy@^2.0.0:
    version "2.1.0"
    resolved "http://registry.npm.taobao.org/get-proxy/download/get-proxy-2.1.0.tgz#349f2b4d91d44c4d4d4e9cba2ad90143fac5ef93"
    dependencies:
      npm-conf "^1.1.0"
  
  get-stream@^2.2.0:
    version "2.3.1"
    resolved "http://registry.npm.taobao.org/get-stream/download/get-stream-2.3.1.tgz#5f38f93f346009666ee0150a054167f91bdd95de"
    dependencies:
      object-assign "^4.0.1"
      pinkie-promise "^2.0.0"
  
  get-stream@^3.0.0:
    version "3.0.0"
    resolved "http://registry.npm.taobao.org/get-stream/download/get-stream-3.0.0.tgz#8e943d1358dc37555054ecbe2edb05aa174ede14"
  
  getpass@^0.1.1:
    version "0.1.7"
    resolved "http://registry.npm.taobao.org/getpass/download/getpass-0.1.7.tgz#5eff8e3e684d569ae4cb2b1282604e8ba62149fa"
    dependencies:
      assert-plus "^1.0.0"
  
  globals@^9.18.0:
    version "9.18.0"
    resolved "http://registry.npm.taobao.org/globals/download/globals-9.18.0.tgz#aa3896b3e69b487f17e31ed2143d69a8e30c2d8a"
  
  got@^7.0.0:
    version "7.1.0"
    resolved "http://registry.npm.taobao.org/got/download/got-7.1.0.tgz#05450fd84094e6bbea56f451a43a9c289166385a"
    dependencies:
      decompress-response "^3.2.0"
      duplexer3 "^0.1.4"
      get-stream "^3.0.0"
      is-plain-obj "^1.1.0"
      is-retry-allowed "^1.0.0"
      is-stream "^1.0.0"
      isurl "^1.0.0-alpha5"
      lowercase-keys "^1.0.0"
      p-cancelable "^0.3.0"
      p-timeout "^1.1.1"
      safe-buffer "^5.0.1"
      timed-out "^4.0.0"
      url-parse-lax "^1.0.0"
      url-to-options "^1.0.1"
  
  graceful-fs@^4.1.10, graceful-fs@^4.1.2, graceful-fs@^4.1.6:
    version "4.1.11"
    resolved "http://registry.npm.taobao.org/graceful-fs/download/graceful-fs-4.1.11.tgz#0e8bdfe4d1ddb8854d64e04ea7c00e2a026e5658"
  
  "graceful-readlink@>= 1.0.0":
    version "1.0.1"
    resolved "http://registry.npm.taobao.org/graceful-readlink/download/graceful-readlink-1.0.1.tgz#4cafad76bc62f02fa039b2f94e9a3dd3a391a725"
  
  har-schema@^2.0.0:
    version "2.0.0"
    resolved "http://registry.npm.taobao.org/har-schema/download/har-schema-2.0.0.tgz#a94c2224ebcac04782a0d9035521f24735b7ec92"
  
  har-validator@~5.0.3:
    version "5.0.3"
    resolved "http://registry.npm.taobao.org/har-validator/download/har-validator-5.0.3.tgz#ba402c266194f15956ef15e0fcf242993f6a7dfd"
    dependencies:
      ajv "^5.1.0"
      har-schema "^2.0.0"
  
  has-ansi@^2.0.0:
    version "2.0.0"
    resolved "http://registry.npm.taobao.org/has-ansi/download/has-ansi-2.0.0.tgz#34f5049ce1ecdf2b0649af3ef24e45ed35416d91"
    dependencies:
      ansi-regex "^2.0.0"
  
  has-symbol-support-x@^1.4.1:
    version "1.4.2"
    resolved "http://registry.npm.taobao.org/has-symbol-support-x/download/has-symbol-support-x-1.4.2.tgz#1409f98bc00247da45da67cee0a36f282ff26455"
  
  has-to-string-tag-x@^1.2.0:
    version "1.4.1"
    resolved "http://registry.npm.taobao.org/has-to-string-tag-x/download/has-to-string-tag-x-1.4.1.tgz#a045ab383d7b4b2012a00148ab0aa5f290044d4d"
    dependencies:
      has-symbol-support-x "^1.4.1"
  
  he@^1.1.0:
    version "1.1.1"
    resolved "http://registry.npm.taobao.org/he/download/he-1.1.1.tgz#93410fd21b009735151f8868c2f271f3427e23fd"
  
  home-or-tmp@^2.0.0:
    version "2.0.0"
    resolved "http://registry.npm.taobao.org/home-or-tmp/download/home-or-tmp-2.0.0.tgz#e36c3f2d2cae7d746a857e38d18d5f32a7882db8"
    dependencies:
      os-homedir "^1.0.0"
      os-tmpdir "^1.0.1"
  
  htmlparser2@^3.9.1:
    version "3.9.2"
    resolved "http://registry.npm.taobao.org/htmlparser2/download/htmlparser2-3.9.2.tgz#1bdf87acca0f3f9e53fa4fcceb0f4b4cbb00b338"
    dependencies:
      domelementtype "^1.3.0"
      domhandler "^2.3.0"
      domutils "^1.5.1"
      entities "^1.1.1"
      inherits "^2.0.1"
      readable-stream "^2.0.2"
  
  http-basic@^2.5.1:
    version "2.5.1"
    resolved "http://registry.npm.taobao.org/http-basic/download/http-basic-2.5.1.tgz#8ce447bdb5b6c577f8a63e3fa78056ec4bb4dbfb"
    dependencies:
      caseless "~0.11.0"
      concat-stream "^1.4.6"
      http-response-object "^1.0.0"
  
  http-response-object@^1.0.0, http-response-object@^1.1.0:
    version "1.1.0"
    resolved "http://registry.npm.taobao.org/http-response-object/download/http-response-object-1.1.0.tgz#a7c4e75aae82f3bb4904e4f43f615673b4d518c3"
  
  http-signature@~1.2.0:
    version "1.2.0"
    resolved "http://registry.npm.taobao.org/http-signature/download/http-signature-1.2.0.tgz#9aecd925114772f3d95b65a60abb8f7c18fbace1"
    dependencies:
      assert-plus "^1.0.0"
      jsprim "^1.2.2"
      sshpk "^1.7.0"
  
  ieee754@^1.1.4:
    version "1.1.12"
    resolved "http://registry.npm.taobao.org/ieee754/download/ieee754-1.1.12.tgz#50bf24e5b9c8bb98af4964c941cdb0918da7b60b"
  
  inherits@^2.0.1, inherits@^2.0.3, inherits@~2.0.3:
    version "2.0.3"
    resolved "http://registry.npm.taobao.org/inherits/download/inherits-2.0.3.tgz#633c2c83e3da42a502f52466022480f4208261de"
  
  ini@^1.3.4:
    version "1.3.5"
    resolved "http://registry.npm.taobao.org/ini/download/ini-1.3.5.tgz#eee25f56db1c9ec6085e0c22778083f596abf927"
  
  invariant@^2.2.2:
    version "2.2.4"
    resolved "http://registry.npm.taobao.org/invariant/download/invariant-2.2.4.tgz#610f3c92c9359ce1db616e538008d23ff35158e6"
    dependencies:
      loose-envify "^1.0.0"
  
  is-finite@^1.0.0:
    version "1.0.2"
    resolved "http://registry.npm.taobao.org/is-finite/download/is-finite-1.0.2.tgz#cc6677695602be550ef11e8b4aa6305342b6d0aa"
    dependencies:
      number-is-nan "^1.0.0"
  
  is-natural-number@^4.0.1:
    version "4.0.1"
    resolved "http://registry.npm.taobao.org/is-natural-number/download/is-natural-number-4.0.1.tgz#ab9d76e1db4ced51e35de0c72ebecf09f734cde8"
  
  is-object@^1.0.1:
    version "1.0.1"
    resolved "http://registry.npm.taobao.org/is-object/download/is-object-1.0.1.tgz#8952688c5ec2ffd6b03ecc85e769e02903083470"
  
  is-plain-obj@^1.0.0, is-plain-obj@^1.1.0:
    version "1.1.0"
    resolved "http://registry.npm.taobao.org/is-plain-obj/download/is-plain-obj-1.1.0.tgz#71a50c8429dfca773c92a390a4a03b39fcd51d3e"
  
  is-retry-allowed@^1.0.0:
    version "1.1.0"
    resolved "http://registry.npm.taobao.org/is-retry-allowed/download/is-retry-allowed-1.1.0.tgz#11a060568b67339444033d0125a61a20d564fb34"
  
  is-stream@^1.0.0, is-stream@^1.1.0:
    version "1.1.0"
    resolved "http://registry.npm.taobao.org/is-stream/download/is-stream-1.1.0.tgz#12d4a3dd4e68e0b79ceb8dbc84173ae80d91ca44"
  
  is-typedarray@~1.0.0:
    version "1.0.0"
    resolved "http://registry.npm.taobao.org/is-typedarray/download/is-typedarray-1.0.0.tgz#e479c80858df0c1b11ddda6940f96011fcda4a9a"
  
  isarray@^1.0.0, isarray@~1.0.0:
    version "1.0.0"
    resolved "http://registry.npm.taobao.org/isarray/download/isarray-1.0.0.tgz#bb935d48582cba168c06834957a54a3e07124f11"
  
  isstream@~0.1.2:
    version "0.1.2"
    resolved "http://registry.npm.taobao.org/isstream/download/isstream-0.1.2.tgz#47e63f7af55afa6f92e1500e690eb8b8529c099a"
  
  isurl@^1.0.0-alpha5:
    version "1.0.0"
    resolved "http://registry.npm.taobao.org/isurl/download/isurl-1.0.0.tgz#b27f4f49f3cdaa3ea44a0a5b7f3462e6edc39d67"
    dependencies:
      has-to-string-tag-x "^1.2.0"
      is-object "^1.0.1"
  
  "js-tokens@^3.0.0 || ^4.0.0":
    version "4.0.0"
    resolved "http://registry.npm.taobao.org/js-tokens/download/js-tokens-4.0.0.tgz#19203fb59991df98e3a287050d4647cdeaf32499"
  
  js-tokens@^3.0.2:
    version "3.0.2"
    resolved "http://registry.npm.taobao.org/js-tokens/download/js-tokens-3.0.2.tgz#9866df395102130e38f7f996bceb65443209c25b"
  
  jsbn@~0.1.0:
    version "0.1.1"
    resolved "http://registry.npm.taobao.org/jsbn/download/jsbn-0.1.1.tgz#a5e654c2e5a2deb5f201d96cefbca80c0ef2f513"
  
  jsesc@^1.3.0:
    version "1.3.0"
    resolved "http://registry.npm.taobao.org/jsesc/download/jsesc-1.3.0.tgz#46c3fec8c1892b12b0833db9bc7622176dbab34b"
  
  jsesc@~0.5.0:
    version "0.5.0"
    resolved "http://registry.npm.taobao.org/jsesc/download/jsesc-0.5.0.tgz#e7dee66e35d6fc16f710fe91d5cf69f70f08911d"
  
  json-schema-traverse@^0.3.0:
    version "0.3.1"
    resolved "http://registry.npm.taobao.org/json-schema-traverse/download/json-schema-traverse-0.3.1.tgz#349a6d44c53a51de89b40805c5d5e59b417d3340"
  
  json-schema@0.2.3:
    version "0.2.3"
    resolved "http://registry.npm.taobao.org/json-schema/download/json-schema-0.2.3.tgz#b480c892e59a2f05954ce727bd3f2a4e882f9e13"
  
  json-stringify-safe@~5.0.1:
    version "5.0.1"
    resolved "http://registry.npm.taobao.org/json-stringify-safe/download/json-stringify-safe-5.0.1.tgz#1296a2d58fd45f19a0f6ce01d65701e2c735b6eb"
  
  json5@^0.5.1:
    version "0.5.1"
    resolved "http://registry.npm.taobao.org/json5/download/json5-0.5.1.tgz#1eade7acc012034ad84e2396767ead9fa5495821"
  
  jsonfile@^4.0.0:
    version "4.0.0"
    resolved "http://registry.npm.taobao.org/jsonfile/download/jsonfile-4.0.0.tgz#8771aae0799b64076b76640fca058f9c10e33ecb"
    optionalDependencies:
      graceful-fs "^4.1.6"
  
  jsprim@^1.2.2:
    version "1.4.1"
    resolved "http://registry.npm.taobao.org/jsprim/download/jsprim-1.4.1.tgz#313e66bc1e5cc06e438bc1b7499c2e5c56acb6a2"
    dependencies:
      assert-plus "1.0.0"
      extsprintf "1.3.0"
      json-schema "0.2.3"
      verror "1.10.0"
  
  lodash.assignin@^4.0.9:
    version "4.2.0"
    resolved "http://registry.npm.taobao.org/lodash.assignin/download/lodash.assignin-4.2.0.tgz#ba8df5fb841eb0a3e8044232b0e263a8dc6a28a2"
  
  lodash.bind@^4.1.4:
    version "4.2.1"
    resolved "http://registry.npm.taobao.org/lodash.bind/download/lodash.bind-4.2.1.tgz#7ae3017e939622ac31b7d7d7dcb1b34db1690d35"
  
  lodash.defaults@^4.0.1:
    version "4.2.0"
    resolved "http://registry.npm.taobao.org/lodash.defaults/download/lodash.defaults-4.2.0.tgz#d09178716ffea4dde9e5fb7b37f6f0802274580c"
  
  lodash.filter@^4.4.0:
    version "4.6.0"
    resolved "http://registry.npm.taobao.org/lodash.filter/download/lodash.filter-4.6.0.tgz#668b1d4981603ae1cc5a6fa760143e480b4c4ace"
  
  lodash.flatten@^4.2.0:
    version "4.4.0"
    resolved "http://registry.npm.taobao.org/lodash.flatten/download/lodash.flatten-4.4.0.tgz#f31c22225a9632d2bbf8e4addbef240aa765a61f"
  
  lodash.foreach@^4.3.0:
    version "4.5.0"
    resolved "http://registry.npm.taobao.org/lodash.foreach/download/lodash.foreach-4.5.0.tgz#1a6a35eace401280c7f06dddec35165ab27e3e53"
  
  lodash.map@^4.4.0:
    version "4.6.0"
    resolved "http://registry.npm.taobao.org/lodash.map/download/lodash.map-4.6.0.tgz#771ec7839e3473d9c4cde28b19394c3562f4f6d3"
  
  lodash.merge@^4.4.0:
    version "4.6.1"
    resolved "http://registry.npm.taobao.org/lodash.merge/download/lodash.merge-4.6.1.tgz#adc25d9cb99b9391c59624f379fbba60d7111d54"
  
  lodash.pick@^4.2.1:
    version "4.4.0"
    resolved "http://registry.npm.taobao.org/lodash.pick/download/lodash.pick-4.4.0.tgz#52f05610fff9ded422611441ed1fc123a03001b3"
  
  lodash.reduce@^4.4.0:
    version "4.6.0"
    resolved "http://registry.npm.taobao.org/lodash.reduce/download/lodash.reduce-4.6.0.tgz#f1ab6b839299ad48f784abbf476596f03b914d3b"
  
  lodash.reject@^4.4.0:
    version "4.6.0"
    resolved "http://registry.npm.taobao.org/lodash.reject/download/lodash.reject-4.6.0.tgz#80d6492dc1470864bbf583533b651f42a9f52415"
  
  lodash.some@^4.4.0:
    version "4.6.0"
    resolved "http://registry.npm.taobao.org/lodash.some/download/lodash.some-4.6.0.tgz#1bb9f314ef6b8baded13b549169b2a945eb68e4d"
  
  lodash@^4.17.4, lodash@^4.17.5:
    version "4.17.10"
    resolved "http://registry.npm.taobao.org/lodash/download/lodash-4.17.10.tgz#1b7793cf7259ea38fb3661d4d38b3260af8ae4e7"
  
  loose-envify@^1.0.0:
    version "1.4.0"
    resolved "http://registry.npm.taobao.org/loose-envify/download/loose-envify-1.4.0.tgz#71ee51fa7be4caec1a63839f7e682d8132d30caf"
    dependencies:
      js-tokens "^3.0.0 || ^4.0.0"
  
  lowercase-keys@^1.0.0:
    version "1.0.1"
    resolved "http://registry.npm.taobao.org/lowercase-keys/download/lowercase-keys-1.0.1.tgz#6f9e30b47084d971a7c820ff15a6c5167b74c26f"
  
  make-dir@^1.0.0:
    version "1.3.0"
    resolved "http://registry.npm.taobao.org/make-dir/download/make-dir-1.3.0.tgz#79c1033b80515bd6d24ec9933e860ca75ee27f0c"
    dependencies:
      pify "^3.0.0"
  
  mime-db@^1.28.0, mime-db@~1.35.0:
    version "1.35.0"
    resolved "http://registry.npm.taobao.org/mime-db/download/mime-db-1.35.0.tgz#0569d657466491283709663ad379a99b90d9ab47"
  
  mime-types@^2.1.12, mime-types@~2.1.17:
    version "2.1.19"
    resolved "http://registry.npm.taobao.org/mime-types/download/mime-types-2.1.19.tgz#71e464537a7ef81c15f2db9d97e913fc0ff606f0"
    dependencies:
      mime-db "~1.35.0"
  
  mimic-response@^1.0.0:
    version "1.0.1"
    resolved "http://registry.npm.taobao.org/mimic-response/download/mimic-response-1.0.1.tgz#4923538878eef42063cb8a3e3b0798781487ab1b"
  
  minimatch@^3.0.4:
    version "3.0.4"
    resolved "http://registry.npm.taobao.org/minimatch/download/minimatch-3.0.4.tgz#5166e286457f03306064be5497e8dbb0c3d32083"
    dependencies:
      brace-expansion "^1.1.7"
  
  minimist@0.0.8:
    version "0.0.8"
    resolved "http://registry.npm.taobao.org/minimist/download/minimist-0.0.8.tgz#857fcabfc3397d2625b8228262e86aa7a011b05d"
  
  mkdirp@^0.5.1:
    version "0.5.1"
    resolved "http://registry.npm.taobao.org/mkdirp/download/mkdirp-0.5.1.tgz#30057438eac6cf7f8c4767f38648d6697d75c903"
    dependencies:
      minimist "0.0.8"
  
  ms@2.0.0:
    version "2.0.0"
    resolved "http://registry.npm.taobao.org/ms/download/ms-2.0.0.tgz#5608aeadfc00be6c2901df5f9861788de0d597c8"
  
  normalize-url@^2.0.0:
    version "2.0.1"
    resolved "http://registry.npm.taobao.org/normalize-url/download/normalize-url-2.0.1.tgz#835a9da1551fa26f70e92329069a23aa6574d7e6"
    dependencies:
      prepend-http "^2.0.0"
      query-string "^5.0.1"
      sort-keys "^2.0.0"
  
  npm-conf@^1.1.0:
    version "1.1.3"
    resolved "http://registry.npm.taobao.org/npm-conf/download/npm-conf-1.1.3.tgz#256cc47bd0e218c259c4e9550bf413bc2192aff9"
    dependencies:
      config-chain "^1.1.11"
      pify "^3.0.0"
  
  nth-check@~1.0.1:
    version "1.0.1"
    resolved "http://registry.npm.taobao.org/nth-check/download/nth-check-1.0.1.tgz#9929acdf628fc2c41098deab82ac580cf149aae4"
    dependencies:
      boolbase "~1.0.0"
  
  number-is-nan@^1.0.0:
    version "1.0.1"
    resolved "http://registry.npm.taobao.org/number-is-nan/download/number-is-nan-1.0.1.tgz#097b602b53422a522c1afb8790318336941a011d"
  
  oauth-sign@~0.8.2:
    version "0.8.2"
    resolved "http://registry.npm.taobao.org/oauth-sign/download/oauth-sign-0.8.2.tgz#46a6ab7f0aead8deae9ec0565780b7d4efeb9d43"
  
  object-assign@^4.0.1, object-assign@^4.1.0:
    version "4.1.1"
    resolved "http://registry.npm.taobao.org/object-assign/download/object-assign-4.1.1.tgz#2109adc7965887cfc05cbbd442cac8bfbb360863"
  
  once@^1.4.0:
    version "1.4.0"
    resolved "http://registry.npm.taobao.org/once/download/once-1.4.0.tgz#583b1aa775961d4b113ac17d9c50baef9dd76bd1"
    dependencies:
      wrappy "1"
  
  os-homedir@^1.0.0:
    version "1.0.2"
    resolved "http://registry.npm.taobao.org/os-homedir/download/os-homedir-1.0.2.tgz#ffbc4988336e0e833de0c168c7ef152121aa7fb3"
  
  os-tmpdir@^1.0.1:
    version "1.0.2"
    resolved "http://registry.npm.taobao.org/os-tmpdir/download/os-tmpdir-1.0.2.tgz#bbe67406c79aa85c5cfec766fe5734555dfa1274"
  
  p-cancelable@^0.3.0:
    version "0.3.0"
    resolved "http://registry.npm.taobao.org/p-cancelable/download/p-cancelable-0.3.0.tgz#b9e123800bcebb7ac13a479be195b507b98d30fa"
  
  p-event@^1.0.0:
    version "1.3.0"
    resolved "http://registry.npm.taobao.org/p-event/download/p-event-1.3.0.tgz#8e6b4f4f65c72bc5b6fe28b75eda874f96a4a085"
    dependencies:
      p-timeout "^1.1.1"
  
  p-finally@^1.0.0:
    version "1.0.0"
    resolved "http://registry.npm.taobao.org/p-finally/download/p-finally-1.0.0.tgz#3fbcfb15b899a44123b34b6dcc18b724336a2cae"
  
  p-queue@^2.1.0:
    version "2.4.2"
    resolved "http://registry.npm.taobao.org/p-queue/download/p-queue-2.4.2.tgz#03609826682b743be9a22dba25051bd46724fc34"
  
  p-timeout@^1.1.1:
    version "1.2.1"
    resolved "http://registry.npm.taobao.org/p-timeout/download/p-timeout-1.2.1.tgz#5eb3b353b7fce99f101a1038880bb054ebbea386"
    dependencies:
      p-finally "^1.0.0"
  
  path-is-absolute@^1.0.1:
    version "1.0.1"
    resolved "http://registry.npm.taobao.org/path-is-absolute/download/path-is-absolute-1.0.1.tgz#174b9268735534ffbc7ace6bf53a5a9e1b5c5f5f"
  
  pend@~1.2.0:
    version "1.2.0"
    resolved "http://registry.npm.taobao.org/pend/download/pend-1.2.0.tgz#7a57eb550a6783f9115331fcf4663d5c8e007a50"
  
  performance-now@^2.1.0:
    version "2.1.0"
    resolved "http://registry.npm.taobao.org/performance-now/download/performance-now-2.1.0.tgz#6309f4e0e5fa913ec1c69307ae364b4b377c9e7b"
  
  pify@^2.3.0:
    version "2.3.0"
    resolved "http://registry.npm.taobao.org/pify/download/pify-2.3.0.tgz#ed141a6ac043a849ea588498e7dca8b15330e90c"
  
  pify@^3.0.0:
    version "3.0.0"
    resolved "http://registry.npm.taobao.org/pify/download/pify-3.0.0.tgz#e5a4acd2c101fdf3d9a4d07f0dbc4db49dd28176"
  
  pinkie-promise@^2.0.0:
    version "2.0.1"
    resolved "http://registry.npm.taobao.org/pinkie-promise/download/pinkie-promise-2.0.1.tgz#2135d6dfa7a358c069ac9b178776288228450ffa"
    dependencies:
      pinkie "^2.0.0"
  
  pinkie@^2.0.0:
    version "2.0.4"
    resolved "http://registry.npm.taobao.org/pinkie/download/pinkie-2.0.4.tgz#72556b80cfa0d48a974e80e77248e80ed4f7f870"
  
  prepend-http@^1.0.1:
    version "1.0.4"
    resolved "http://registry.npm.taobao.org/prepend-http/download/prepend-http-1.0.4.tgz#d4f4562b0ce3696e41ac52d0e002e57a635dc6dc"
  
  prepend-http@^2.0.0:
    version "2.0.0"
    resolved "http://registry.npm.taobao.org/prepend-http/download/prepend-http-2.0.0.tgz#e92434bfa5ea8c19f41cdfd401d741a3c819d897"
  
  private@^0.1.6, private@^0.1.8:
    version "0.1.8"
    resolved "http://registry.npm.taobao.org/private/download/private-0.1.8.tgz#2381edb3689f7a53d653190060fcf822d2f368ff"
  
  process-nextick-args@~2.0.0:
    version "2.0.0"
    resolved "http://registry.npm.taobao.org/process-nextick-args/download/process-nextick-args-2.0.0.tgz#a37d732f4271b4ab1ad070d35508e8290788ffaa"
  
  promise@^7.1.1:
    version "7.3.1"
    resolved "http://registry.npm.taobao.org/promise/download/promise-7.3.1.tgz#064b72602b18f90f29192b8b1bc418ffd1ebd3bf"
    dependencies:
      asap "~2.0.3"
  
  proto-list@~1.2.1:
    version "1.2.4"
    resolved "http://registry.npm.taobao.org/proto-list/download/proto-list-1.2.4.tgz#212d5bfe1318306a420f6402b8e26ff39647a849"
  
  punycode@^1.4.1:
    version "1.4.1"
    resolved "http://registry.npm.taobao.org/punycode/download/punycode-1.4.1.tgz#c0d5a63b2718800ad8e1eb0fa5269c84dd41845e"
  
  qs@^6.1.0, qs@~6.5.1:
    version "6.5.2"
    resolved "http://registry.npm.taobao.org/qs/download/qs-6.5.2.tgz#cb3ae806e8740444584ef154ce8ee98d403f3e36"
  
  query-string@^5.0.1:
    version "5.1.1"
    resolved "http://registry.npm.taobao.org/query-string/download/query-string-5.1.1.tgz#a78c012b71c17e05f2e3fa2319dd330682efb3cb"
    dependencies:
      decode-uri-component "^0.2.0"
      object-assign "^4.1.0"
      strict-uri-encode "^1.0.0"
  
  readable-stream@^2.0.2, readable-stream@^2.2.2, readable-stream@^2.3.0, readable-stream@^2.3.5:
    version "2.3.6"
    resolved "http://registry.npm.taobao.org/readable-stream/download/readable-stream-2.3.6.tgz#b11c27d88b8ff1fbe070643cf94b0c79ae1b0aaf"
    dependencies:
      core-util-is "~1.0.0"
      inherits "~2.0.3"
      isarray "~1.0.0"
      process-nextick-args "~2.0.0"
      safe-buffer "~5.1.1"
      string_decoder "~1.1.1"
      util-deprecate "~1.0.1"
  
  regenerate@^1.2.1:
    version "1.4.0"
    resolved "http://registry.npm.taobao.org/regenerate/download/regenerate-1.4.0.tgz#4a856ec4b56e4077c557589cae85e7a4c8869a11"
  
  regenerator-runtime@^0.11.0:
    version "0.11.1"
    resolved "http://registry.npm.taobao.org/regenerator-runtime/download/regenerator-runtime-0.11.1.tgz#be05ad7f9bf7d22e056f9726cee5017fbf19e2e9"
  
  regenerator-transform@^0.10.0:
    version "0.10.1"
    resolved "http://registry.npm.taobao.org/regenerator-transform/download/regenerator-transform-0.10.1.tgz#1e4996837231da8b7f3cf4114d71b5691a0680dd"
    dependencies:
      babel-runtime "^6.18.0"
      babel-types "^6.19.0"
      private "^0.1.6"
  
  regexpu-core@^2.0.0:
    version "2.0.0"
    resolved "http://registry.npm.taobao.org/regexpu-core/download/regexpu-core-2.0.0.tgz#49d038837b8dcf8bfa5b9a42139938e6ea2ae240"
    dependencies:
      regenerate "^1.2.1"
      regjsgen "^0.2.0"
      regjsparser "^0.1.4"
  
  regjsgen@^0.2.0:
    version "0.2.0"
    resolved "http://registry.npm.taobao.org/regjsgen/download/regjsgen-0.2.0.tgz#6c016adeac554f75823fe37ac05b92d5a4edb1f7"
  
  regjsparser@^0.1.4:
    version "0.1.5"
    resolved "http://registry.npm.taobao.org/regjsparser/download/regjsparser-0.1.5.tgz#7ee8f84dc6fa792d3fd0ae228d24bd949ead205c"
    dependencies:
      jsesc "~0.5.0"
  
  repeating@^2.0.0:
    version "2.0.1"
    resolved "http://registry.npm.taobao.org/repeating/download/repeating-2.0.1.tgz#5214c53a926d3552707527fbab415dbc08d06dda"
    dependencies:
      is-finite "^1.0.0"
  
  request@^2.85.0:
    version "2.87.0"
    resolved "http://registry.npm.taobao.org/request/download/request-2.87.0.tgz#32f00235cd08d482b4d0d68db93a829c0ed5756e"
    dependencies:
      aws-sign2 "~0.7.0"
      aws4 "^1.6.0"
      caseless "~0.12.0"
      combined-stream "~1.0.5"
      extend "~3.0.1"
      forever-agent "~0.6.1"
      form-data "~2.3.1"
      har-validator "~5.0.3"
      http-signature "~1.2.0"
      is-typedarray "~1.0.0"
      isstream "~0.1.2"
      json-stringify-safe "~5.0.1"
      mime-types "~2.1.17"
      oauth-sign "~0.8.2"
      performance-now "^2.1.0"
      qs "~6.5.1"
      safe-buffer "^5.1.1"
      tough-cookie "~2.3.3"
      tunnel-agent "^0.6.0"
      uuid "^3.1.0"
  
  safe-buffer@^5.0.1, safe-buffer@^5.1.1, safe-buffer@~5.1.0, safe-buffer@~5.1.1:
    version "5.1.2"
    resolved "http://registry.npm.taobao.org/safe-buffer/download/safe-buffer-5.1.2.tgz#991ec69d296e0313747d59bdfd2b745c35f8828d"
  
  safer-buffer@^2.0.2, safer-buffer@^2.1.0, safer-buffer@~2.1.0:
    version "2.1.2"
    resolved "http://registry.npm.taobao.org/safer-buffer/download/safer-buffer-2.1.2.tgz#44fa161b0187b9549dd84bb91802f9bd8385cd6a"
  
  seek-bzip@^1.0.5:
    version "1.0.5"
    resolved "http://registry.npm.taobao.org/seek-bzip/download/seek-bzip-1.0.5.tgz#cfe917cb3d274bcffac792758af53173eb1fabdc"
    dependencies:
      commander "~2.8.1"
  
  slash@^1.0.0:
    version "1.0.0"
    resolved "http://registry.npm.taobao.org/slash/download/slash-1.0.0.tgz#c41f2f6c39fc16d1cd17ad4b5d896114ae470d55"
  
  sort-keys-length@^1.0.0:
    version "1.0.1"
    resolved "http://registry.npm.taobao.org/sort-keys-length/download/sort-keys-length-1.0.1.tgz#9cb6f4f4e9e48155a6aa0671edd336ff1479a188"
    dependencies:
      sort-keys "^1.0.0"
  
  sort-keys@^1.0.0:
    version "1.1.2"
    resolved "http://registry.npm.taobao.org/sort-keys/download/sort-keys-1.1.2.tgz#441b6d4d346798f1b4e49e8920adfba0e543f9ad"
    dependencies:
      is-plain-obj "^1.0.0"
  
  sort-keys@^2.0.0:
    version "2.0.0"
    resolved "http://registry.npm.taobao.org/sort-keys/download/sort-keys-2.0.0.tgz#658535584861ec97d730d6cf41822e1f56684128"
    dependencies:
      is-plain-obj "^1.0.0"
  
  source-map-support@^0.4.15:
    version "0.4.18"
    resolved "http://registry.npm.taobao.org/source-map-support/download/source-map-support-0.4.18.tgz#0286a6de8be42641338594e97ccea75f0a2c585f"
    dependencies:
      source-map "^0.5.6"
  
  source-map@^0.5.6, source-map@^0.5.7:
    version "0.5.7"
    resolved "http://registry.npm.taobao.org/source-map/download/source-map-0.5.7.tgz#8a039d2d1021d22d1ea14c80d8ea468ba2ef3fcc"
  
  srcset@^1.0.0:
    version "1.0.0"
    resolved "http://registry.npm.taobao.org/srcset/download/srcset-1.0.0.tgz#a5669de12b42f3b1d5e83ed03c71046fc48f41ef"
    dependencies:
      array-uniq "^1.0.2"
      number-is-nan "^1.0.0"
  
  sshpk@^1.7.0:
    version "1.14.2"
    resolved "http://registry.npm.taobao.org/sshpk/download/sshpk-1.14.2.tgz#c6fc61648a3d9c4e764fd3fcdf4ea105e492ba98"
    dependencies:
      asn1 "~0.2.3"
      assert-plus "^1.0.0"
      dashdash "^1.12.0"
      getpass "^0.1.1"
      safer-buffer "^2.0.2"
    optionalDependencies:
      bcrypt-pbkdf "^1.0.0"
      ecc-jsbn "~0.1.1"
      jsbn "~0.1.0"
      tweetnacl "~0.14.0"
  
  strict-uri-encode@^1.0.0:
    version "1.1.0"
    resolved "http://registry.npm.taobao.org/strict-uri-encode/download/strict-uri-encode-1.1.0.tgz#279b225df1d582b1f54e65addd4352e18faa0713"
  
  string_decoder@~1.1.1:
    version "1.1.1"
    resolved "http://registry.npm.taobao.org/string_decoder/download/string_decoder-1.1.1.tgz#9cf1611ba62685d7030ae9e4ba34149c3af03fc8"
    dependencies:
      safe-buffer "~5.1.0"
  
  strip-ansi@^3.0.0:
    version "3.0.1"
    resolved "http://registry.npm.taobao.org/strip-ansi/download/strip-ansi-3.0.1.tgz#6a385fb8853d952d5ff05d0e8aaf94278dc63dcf"
    dependencies:
      ansi-regex "^2.0.0"
  
  strip-dirs@^2.0.0:
    version "2.1.0"
    resolved "http://registry.npm.taobao.org/strip-dirs/download/strip-dirs-2.1.0.tgz#4987736264fc344cf20f6c34aca9d13d1d4ed6c5"
    dependencies:
      is-natural-number "^4.0.1"
  
  strip-outer@^1.0.0:
    version "1.0.1"
    resolved "http://registry.npm.taobao.org/strip-outer/download/strip-outer-1.0.1.tgz#b2fd2abf6604b9d1e6013057195df836b8a9d631"
    dependencies:
      escape-string-regexp "^1.0.2"
  
  supports-color@^2.0.0:
    version "2.0.0"
    resolved "http://registry.npm.taobao.org/supports-color/download/supports-color-2.0.0.tgz#535d045ce6b6363fa40117084629995e9df324c7"
  
  sync-request@^4.1.0:
    version "4.1.0"
    resolved "http://registry.npm.taobao.org/sync-request/download/sync-request-4.1.0.tgz#324b4e506fb994d2afd2a0021a455f800725f07a"
    dependencies:
      command-exists "^1.2.2"
      concat-stream "^1.6.0"
      get-port "^3.1.0"
      http-response-object "^1.1.0"
      then-request "^2.2.0"
  
  tar-stream@^1.5.2:
    version "1.6.1"
    resolved "http://registry.npm.taobao.org/tar-stream/download/tar-stream-1.6.1.tgz#f84ef1696269d6223ca48f6e1eeede3f7e81f395"
    dependencies:
      bl "^1.0.0"
      buffer-alloc "^1.1.0"
      end-of-stream "^1.0.0"
      fs-constants "^1.0.0"
      readable-stream "^2.3.0"
      to-buffer "^1.1.0"
      xtend "^4.0.0"
  
  then-request@^2.2.0:
    version "2.2.0"
    resolved "http://registry.npm.taobao.org/then-request/download/then-request-2.2.0.tgz#6678b32fa0ca218fe569981bbd8871b594060d81"
    dependencies:
      caseless "~0.11.0"
      concat-stream "^1.4.7"
      http-basic "^2.5.1"
      http-response-object "^1.1.0"
      promise "^7.1.1"
      qs "^6.1.0"
  
  through@^2.3.6:
    version "2.3.8"
    resolved "http://registry.npm.taobao.org/through/download/through-2.3.8.tgz#0dd4c9ffaabc357960b1b724115d7e0e86a2e1f5"
  
  timed-out@^4.0.0:
    version "4.0.1"
    resolved "http://registry.npm.taobao.org/timed-out/download/timed-out-4.0.1.tgz#f32eacac5a175bea25d7fab565ab3ed8741ef56f"
  
  to-buffer@^1.1.0:
    version "1.1.1"
    resolved "http://registry.npm.taobao.org/to-buffer/download/to-buffer-1.1.1.tgz#493bd48f62d7c43fcded313a03dcadb2e1213a80"
  
  to-fast-properties@^1.0.3:
    version "1.0.3"
    resolved "http://registry.npm.taobao.org/to-fast-properties/download/to-fast-properties-1.0.3.tgz#b83571fa4d8c25b82e231b06e3a3055de4ca1a47"
  
  tough-cookie@~2.3.3:
    version "2.3.4"
    resolved "http://registry.npm.taobao.org/tough-cookie/download/tough-cookie-2.3.4.tgz#ec60cee38ac675063ffc97a5c18970578ee83655"
    dependencies:
      punycode "^1.4.1"
  
  trim-repeated@^1.0.0:
    version "1.0.0"
    resolved "http://registry.npm.taobao.org/trim-repeated/download/trim-repeated-1.0.0.tgz#e3646a2ea4e891312bf7eace6cfb05380bc01c21"
    dependencies:
      escape-string-regexp "^1.0.2"
  
  trim-right@^1.0.1:
    version "1.0.1"
    resolved "http://registry.npm.taobao.org/trim-right/download/trim-right-1.0.1.tgz#cb2e1203067e0c8de1f614094b9fe45704ea6003"
  
  tunnel-agent@^0.6.0:
    version "0.6.0"
    resolved "http://registry.npm.taobao.org/tunnel-agent/download/tunnel-agent-0.6.0.tgz#27a5dea06b36b04a0a9966774b290868f0fc40fd"
    dependencies:
      safe-buffer "^5.0.1"
  
  tweetnacl@^0.14.3, tweetnacl@~0.14.0:
    version "0.14.5"
    resolved "http://registry.npm.taobao.org/tweetnacl/download/tweetnacl-0.14.5.tgz#5ae68177f192d4456269d108afa93ff8743f4f64"
  
  typedarray@^0.0.6:
    version "0.0.6"
    resolved "http://registry.npm.taobao.org/typedarray/download/typedarray-0.0.6.tgz#867ac74e3864187b1d3d47d996a78ec5c8830777"
  
  unbzip2-stream@^1.0.9:
    version "1.2.5"
    resolved "http://registry.npm.taobao.org/unbzip2-stream/download/unbzip2-stream-1.2.5.tgz#73a033a567bbbde59654b193c44d48a7e4f43c47"
    dependencies:
      buffer "^3.0.1"
      through "^2.3.6"
  
  universalify@^0.1.0:
    version "0.1.2"
    resolved "http://registry.npm.taobao.org/universalify/download/universalify-0.1.2.tgz#b646f69be3942dabcecc9d6639c80dc105efaa66"
  
  url-parse-lax@^1.0.0:
    version "1.0.0"
    resolved "http://registry.npm.taobao.org/url-parse-lax/download/url-parse-lax-1.0.0.tgz#7af8f303645e9bd79a272e7a14ac68bc0609da73"
    dependencies:
      prepend-http "^1.0.1"
  
  url-to-options@^1.0.1:
    version "1.0.1"
    resolved "http://registry.npm.taobao.org/url-to-options/download/url-to-options-1.0.1.tgz#1505a03a289a48cbd7a434efbaeec5055f5633a9"
  
  util-deprecate@~1.0.1:
    version "1.0.2"
    resolved "http://registry.npm.taobao.org/util-deprecate/download/util-deprecate-1.0.2.tgz#450d4dc9fa70de732762fbd2d4a28981419a0ccf"
  
  uuid@^3.1.0:
    version "3.3.2"
    resolved "http://registry.npm.taobao.org/uuid/download/uuid-3.3.2.tgz#1b4af4955eb3077c501c23872fc6513811587131"
  
  verror@1.10.0:
    version "1.10.0"
    resolved "http://registry.npm.taobao.org/verror/download/verror-1.10.0.tgz#3a105ca17053af55d6e270c1f8288682e18da400"
    dependencies:
      assert-plus "^1.0.0"
      core-util-is "1.0.2"
      extsprintf "^1.2.0"
  
  website-scraper@^3.3.2:
    version "3.3.5"
    resolved "http://registry.npm.taobao.org/website-scraper/download/website-scraper-3.3.5.tgz#e44f88453737a72f041877fc2cb91ae99089fb16"
    dependencies:
      bluebird "^3.0.1"
      cheerio "0.22.0"
      css-url-parser "^1.0.0"
      debug "^3.1.0"
      fs-extra "^5.0.0"
      he "^1.1.0"
      lodash "^4.17.5"
      normalize-url "^2.0.0"
      p-queue "^2.1.0"
      request "^2.85.0"
      srcset "^1.0.0"
  
  wrappy@1:
    version "1.0.2"
    resolved "http://registry.npm.taobao.org/wrappy/download/wrappy-1.0.2.tgz#b5243d8f3ec1aa35f1364605bc0d1036e30ab69f"
  
  xtend@^4.0.0:
    version "4.0.1"
    resolved "http://registry.npm.taobao.org/xtend/download/xtend-4.0.1.tgz#a5c6d532be656e23db820efb943a1f04998d63af"
  
  yauzl@^2.4.2:
    version "2.10.0"
    resolved "http://registry.npm.taobao.org/yauzl/download/yauzl-2.10.0.tgz#c7eb17c93e112cb1086fa6d8e51fb0667b79a5f9"
    dependencies:
      buffer-crc32 "~0.2.3"
      fd-slicer "~1.1.0"
